Discord 0.0.38
Starting app.
Starting updater.
2023-12-25T13:24:22.056Z [Modules] Modules initializing
2023-12-25T13:24:22.057Z [Modules] Distribution: remote
2023-12-25T13:24:22.057Z [Modules] Host updates: enabled
2023-12-25T13:24:22.058Z [Modules] Module updates: enabled
2023-12-25T13:24:22.059Z [Modules] Module install path: /home/spale/.config/discord/0.0.38/modules
2023-12-25T13:24:22.059Z [Modules] Module installed file path: /home/spale/.config/discord/0.0.38/modules/installed.json
2023-12-25T13:24:22.060Z [Modules] Module download path: /home/spale/.config/discord/0.0.38/modules/pending
splashScreen.initSplash(false)
blackbox: 2023-12-25T13:24:22.127Z 0 

----------------------------------------------
blackbox: 2023-12-25T13:24:22.165Z 1 Discord starting: {"releaseChannel":"stable","version":"0.0.38"}, modulepath: /home/spale/.config/discord/0.0.38/modules
blackbox: 2023-12-25T13:24:22.211Z 2 ✅ webContents.created web1 ""
blackbox: 2023-12-25T13:24:22.220Z 3 ✅ window.created win1 "discord"
splashScreen: SPLASH_SCREEN_READY
splashScreen.webContentsSend: SPLASH_SCREEN_QUOTE SPLASH_SCREEN_QUOTE [ 'Hold Tight — Loading Discord' ]
2023-12-25T13:24:23.306Z [Modules] No updates to install
splashScreen: no-pending-updates
2023-12-25T13:24:23.309Z [Modules] Checking for host updates.
splashScreen: checking-for-updates
splashScreen.updateSplashState checking-for-updates checking-for-updates {}
splashScreen.webContentsSend: SPLASH_UPDATE_STATE SPLASH_UPDATE_STATE [ { status: 'checking-for-updates' } ]
[4188:1225/132423.468544:ERROR:shared_image_factory.cc(575)] Could not find SharedImageBackingFactory with params: usage: Gles2|Raster|DisplayRead|Scanout, format: BGRA_8888, share_between_threads: 0, gmb_type: shared_memory
[4188:1225/132423.474950:ERROR:shared_image_factory.cc(575)] Could not find SharedImageBackingFactory with params: usage: Gles2|Raster|DisplayRead|Scanout, format: BGRA_8888, share_between_threads: 0, gmb_type: shared_memory
[4188:1225/132423.481649:ERROR:shared_image_factory.cc(575)] Could not find SharedImageBackingFactory with params: usage: Gles2|Raster|DisplayRead|Scanout, format: BGRA_8888, share_between_threads: 0, gmb_type: shared_memory
[4188:1225/132423.486817:ERROR:shared_image_factory.cc(575)] Could not find SharedImageBackingFactory with params: usage: Gles2|Raster|DisplayRead|Scanout, format: BGRA_8888, share_between_threads: 0, gmb_type: shared_memory
[4188:1225/132423.492456:ERROR:shared_image_factory.cc(575)] Could not find SharedImageBackingFactory with params: usage: Gles2|Raster|DisplayRead|Scanout, format: BGRA_8888, share_between_threads: 0, gmb_type: shared_memory
blackbox: 2023-12-25T13:24:23.493Z 4 ✅ webContents.did-finish-load web1
[4188:1225/132423.510202:ERROR:shared_image_factory.cc(575)] Could not find SharedImageBackingFactory with params: usage: Gles2|Raster|DisplayRead|Scanout, format: BGRA_8888, share_between_threads: 0, gmb_type: shared_memory
[4188:1225/132423.510656:ERROR:shared_image_factory.cc(575)] Could not find SharedImageBackingFactory with params: usage: Gles2|Raster|DisplayRead|Scanout, format: BGRA_8888, share_between_threads: 0, gmb_type: shared_memory
[4134:1225/132423.618933:ERROR:nss_util.cc(349)] After loading Root Certs, loaded==false: NSS error code: -8018
[Updates] You are out of date!
2023-12-25T13:24:23.856Z [Modules] Host update is available. Manual update required!
splashScreen: update-manually 0.0.39
splashScreen.updateSplashState update-manually update-manually { newVersion: '0.0.39' }
splashScreen.webContentsSend: SPLASH_UPDATE_STATE SPLASH_UPDATE_STATE [ { status: 'update-manually', newVersion: '0.0.39' } ]
splashScreen: update-check-finished true 1 true
splashScreen: SPLASH_SCREEN_QUIT
blackbox: 2023-12-25T13:24:40.459Z 5 before-quit
blackbox: 2023-12-25T13:24:40.483Z 6 window.close win1
Discord 0.0.39
Starting app.
Starting updater.
2023-12-25T13:53:44.885Z [Modules] Modules initializing
2023-12-25T13:53:44.886Z [Modules] Distribution: remote
2023-12-25T13:53:44.887Z [Modules] Host updates: enabled
2023-12-25T13:53:44.887Z [Modules] Module updates: enabled
2023-12-25T13:53:44.888Z [Modules] Module install path: /home/spale/.config/discord/0.0.39/modules
2023-12-25T13:53:44.889Z [Modules] Module installed file path: /home/spale/.config/discord/0.0.39/modules/installed.json
2023-12-25T13:53:44.890Z [Modules] Module download path: /home/spale/.config/discord/0.0.39/modules/pending
splashScreen.initSplash(false)
blackbox: 2023-12-25T13:53:44.986Z 0 

----------------------------------------------
blackbox: 2023-12-25T13:53:45.018Z 1 Discord starting: {"releaseChannel":"stable","version":"0.0.39"}, modulepath: /home/spale/.config/discord/0.0.39/modules
blackbox: 2023-12-25T13:53:45.064Z 2 ✅ webContents.created web1 ""
blackbox: 2023-12-25T13:53:45.114Z 3 ✅ window.created win1 "discord"
blackbox: 2023-12-25T13:53:45.133Z 4 Wrote 226800 byte minidump to /home/spale/.config/discord/0.0.39/modules/crashlogs/2023_12_25T13_53_45_118Z-0-minidump.dmp
blackbox: 2023-12-25T13:53:45.142Z 5 Sentry report: {"sdk":{"name":"sentry.javascript.electron","packages":[{"name":"npm:@sentry/electron","version":"4.13.0"}],"version":"4.13.0","integrations":["SentryMinidump","ElectronBreadcrumbs","Net","MainContext","ChildProcess","OnUncaughtException","PreloadInjection","AdditionalContext","Screenshots","InboundFilters","FunctionToString","Console","Http","Undici","OnUnhandledRejection","ContextLines","LocalVariables","Modules","RequestData","LinkedErrors"]},"contexts":{"trace":{"trace_id":"5cda13f739f24e05b9ee411c98ba9cd8","span_id":"bfdf382d93b31b2b"},"app":{"app_name":"discord","app_version":"0.0.39","app_start_time":"2023-12-25T13:25:24.893Z"},"os":{"kernel_version":"6.1.0-13-amd64","name":"Debian","version":"12.2\n"},"browser":{"name":"Chrome"},"chrome":{"name":"Chrome","type":"runtime","version":"108.0.5359.215"},"device":{"arch":"x64","family":"Desktop","language":"en-GB","screen_density":1,"screen_resolution":"1920x1080","memory_size":8193957888,"free_memory":1320890368,"processor_count":8,"cpu_description":"Intel(R) Core(TM) i5-8265U CPU @ 1.60GHz","processor_frequency":899},"node":{"name":"Node","type":"runtime","version":"16.17.1"},"runtime":{"name":"Electron","version":"22.3.26"}},"environment":"stable","release":"0.0.39","user":{"ip_address":"{{auto}}","id":"329980737233223695","username":"plaguedoctor3","email":"mihajlosanspasic@gmail.com"},"tags":{"event.origin":"electron","event.environment":"native","event.process":"browser","event_type":"native","nativeBuildNumber":"null"},"level":"fatal","platform":"native","breadcrumbs":[{"timestamp":1703510908.083,"category":"console","level":"log","message":"legacyModuleUpdater: downloading-module-progress discord_game_utils 48"},{"timestamp":1703510908.104,"category":"console","level":"log","message":"2023-12-25T13:28:28.104Z [Modules] Streaming discord_game_utils@1 to /home/spale/.config/discord/0.0.39/modules/pending/discord_game_utils-1.zip: 49%"},{"timestamp":1703510908.104,"category":"console","level":"log","message":"legacyModuleUpdater: downloading-module-progress discord_game_utils 49"},{"timestamp":1703510908.122,"category":"console","level":"log","message":"2023-12-25T13:28:28.122Z [Modules] Streaming discord_game_utils@1 to /home/spale/.config/discord/0.0.39/modules/pending/discord_game_utils-1.zip: 50%"},{"timestamp":1703510908.123,"category":"console","level":"log","message":"legacyModuleUpdater: downloading-module-progress discord_game_utils 50"},{"timestamp":1703510908.13,"category":"console","level":"log","message":"2023-12-25T13:28:28.130Z [Modules] Streaming discord_game_utils@1 to /home/spale/.config/discord/0.0.39/modules/pending/discord_game_utils-1.zip: 51%"},{"timestamp":1703510908.131,"category":"console","level":"log","message":"legacyModuleUpdater: downloading-module-progress discord_game_utils 51"},{"timestamp":1703510908.153,"category":"console","level":"log","message":"2023-12-25T13:28:28.153Z [Modules] Streaming discord_game_utils@1 to /home/spale/.config/discord/0.0.39/modules/pending/discord_game_utils-1.zip: 52%"},{"timestamp":1703510908.153,"category":"console","level":"log","message":"legacyModuleUpdater: downloading-module-progress discord_game_utils 52"},{"timestamp":1703510908.16,"category":"console","level":"log","message":"2023-12-25T13:28:28.160Z [Modules] Streaming discord_game_utils@1 to /home/spale/.config/discord/0.0.39/modules/pending/discord_game_utils-1.zip: 53%"},{"timestamp":1703510908.161,"category":"console","level":"log","message":"legacyModuleUpdater: downloading-module-progress discord_game_utils 53"},{"timestamp":1703510908.194,"category":"console","level":"log","message":"2023-12-25T13:28:28.194Z [Modules] Streaming discord_game_utils@1 to /home/spale/.config/discord/0.0.39/modules/pending/discord_game_utils-1.zip: 54%"},{"timestamp":1703510908.194,"category":"console","level":"log","message":"legacyModuleUpdater: downloading-module-progress discord_game_utils 54"},{"timestamp":1703510908.201,"category":"console","level":"log","message":"2023-12-25T13:28:28.201Z [Modules] Streaming discord_game_utils@1 to /home/spale/.config/discord/0.0.39/modules/pending/discord_game_utils-1.zip: 55%"},{"timestamp":1703510908.201,"category":"console","level":"log","message":"legacyModuleUpdater: downloading-module-progress discord_game_utils 55"},{"timestamp":1703510908.695,"category":"console","level":"log","message":"2023-12-25T13:28:28.695Z [Modules] Streaming discord_game_utils@1 to /home/spale/.config/discord/0.0.39/modules/pending/discord_game_utils-1.zip: 56%"},{"timestamp":1703510908.696,"category":"console","level":"log","message":"legacyModuleUpdater: downloading-module-progress discord_game_utils 56"},{"timestamp":1703510908.704,"category":"console","level":"log","message":"2023-12-25T13:28:28.704Z [Modules] Streaming discord_game_utils@1 to /home/spale/.config/discord/0.0.39/modules/pending/discord_game_utils-1.zip: 57%"},{"timestamp":1703510908.705,"category":"console","level":"log","message":"legacyModuleUpdater: downloading-module-progress discord_game_utils 57"},{"timestamp":1703510908.727,"category":"console","level":"log","message":"2023-12-25T13:28:28.727Z [Modules] Streaming discord_game_utils@1 to /home/spale/.config/discord/0.0.39/modules/pending/discord_game_utils-1.zip: 58%"},{"timestamp":1703510908.727,"category":"console","level":"log","message":"legacyModuleUpdater: downloading-module-progress discord_game_utils 58"},{"timestamp":1703510908.744,"category":"console","level":"log","message":"2023-12-25T13:28:28.744Z [Modules] Streaming discord_game_utils@1 to /home/spale/.config/discord/0.0.39/modules/pending/discord_game_utils-1.zip: 59%"},{"timestamp":1703510908.744,"category":"console","level":"log","message":"legacyModuleUpdater: downloading-module-progress discord_game_utils 59"},{"timestamp":1703510908.755,"category":"console","level":"log","message":"2023-12-25T13:28:28.755Z [Modules] Streaming discord_game_utils@1 to /home/spale/.config/discord/0.0.39/modules/pending/discord_game_utils-1.zip: 60%"},{"timestamp":1703510908.755,"category":"console","level":"log","message":"legacyModuleUpdater: downloading-module-progress discord_game_utils 60"},{"timestamp":1703510908.772,"category":"console","level":"log","message":"2023-12-25T13:28:28.772Z [Modules] Streaming discord_game_utils@1 to /home/spale/.config/discord/0.0.39/modules/pending/discord_game_utils-1.zip: 61%"},{"timestamp":1703510908.773,"category":"console","level":"log","message":"legacyModuleUpdater: downloading-module-progress discord_game_utils 61"},{"timestamp":1703510908.781,"category":"console","level":"log","message":"2023-12-25T13:28:28.781Z [Modules] Streaming discord_game_utils@1 to /home/spale/.config/discord/0.0.39/modules/pending/discord_game_utils-1.zip: 62%"},{"timestamp":1703510908.783,"category":"console","level":"log","message":"legacyModuleUpdater: downloading-module-progress discord_game_utils 62"},{"timestamp":1703510908.808,"category":"console","level":"log","message":"2023-12-25T13:28:28.807Z [Modules] Streaming discord_game_utils@1 to /home/spale/.config/discord/0.0.39/modules/pending/discord_game_utils-1.zip: 63%"},{"timestamp":1703510908.808,"category":"console","level":"log","message":"legacyModuleUpdater: downloading-module-progress discord_game_utils 63"},{"timestamp":1703510908.826,"category":"console","level":"log","message":"2023-12-25T13:28:28.826Z [Modules] Streaming discord_game_utils@1 to /home/spale/.config/discord/0.0.39/modules/pending/discord_game_utils-1.zip: 64%"},{"timestamp":1703510908.826,"category":"console","level":"log","message":"legacyModuleUpdater: downloading-module-progress discord_game_utils 64"},{"timestamp":1703510908.848,"category":"console","level":"log","message":"2023-12-25T13:28:28.848Z [Modules] Streaming discord_game_utils@1 to /home/spale/.config/discord/0.0.39/modules/pending/discord_game_utils-1.zip: 67%"},{"timestamp":1703510908.849,"category":"console","level":"log","message":"legacyModuleUpdater: downloading-module-progress discord_game_utils 67"},{"timestamp":1703510908.852,"category":"console","level":"log","message":"2023-12-25T13:28:28.852Z [Modules] Streaming discord_game_utils@1 to /home/spale/.config/discord/0.0.39/modules/pending/discord_game_utils-1.zip: 71%"},{"timestamp":1703510908.853,"category":"console","level":"log","message":"legacyModuleUpdater: downloading-module-progress discord_game_utils 71"},{"timestamp":1703510908.864,"category":"console","level":"log","message":"2023-12-25T13:28:28.864Z [Modules] Streaming discord_game_utils@1 to /home/spale/.config/discord/0.0.39/modules/pending/discord_game_utils-1.zip: 72%"},{"timestamp":1703510908.865,"category":"console","level":"log","message":"legacyModuleUpdater: downloading-module-progress discord_game_utils 72"},{"timestamp":1703510908.872,"category":"console","level":"log","message":"2023-12-25T13:28:28.872Z [Modules] Streaming discord_game_utils@1 to /home/spale/.config/discord/0.0.39/modules/pending/discord_game_utils-1.zip: 73%"},{"timestamp":1703510908.873,"category":"console","level":"log","message":"legacyModuleUpdater: downloading-module-progress discord_game_utils 73"},{"timestamp":1703510908.887,"category":"console","level":"log","message":"2023-12-25T13:28:28.887Z [Modules] Streaming discord_game_utils@1 to /home/spale/.config/discord/0.0.39/modules/pending/discord_game_utils-1.zip: 74%"},{"timestamp":1703510908.887,"category":"console","level":"log","message":"legacyModuleUpdater: downloading-module-progress discord_game_utils 74"},{"timestamp":1703510908.891,"category":"console","level":"log","message":"2023-12-25T13:28:28.891Z [Modules] Streaming discord_game_utils@1 to /home/spale/.config/discord/0.0.39/modules/pending/discord_game_utils-1.zip: 77%"},{"timestamp":1703510908.891,"category":"console","level":"log","message":"legacyModuleUpdater: downloading-module-progress discord_game_utils 77"},{"timestamp":1703510908.892,"category":"console","level":"log","message":"2023-12-25T13:28:28.892Z [Modules] Streaming discord_game_utils@1 to /home/spale/.config/discord/0.0.39/modules/pending/discord_game_utils-1.zip: 81%"},{"timestamp":1703510908.893,"category":"console","level":"log","message":"legacyModuleUpdater: downloading-module-progress discord_game_utils 81"},{"timestamp":1703510908.896,"category":"console","level":"log","message":"2023-12-25T13:28:28.896Z [Modules] Streaming discord_game_utils@1 to /home/spale/.config/discord/0.0.39/modules/pending/discord_game_utils-1.zip: 82%"},{"timestamp":1703510908.897,"category":"console","level":"log","message":"legacyModuleUpdater: downloading-module-progress discord_game_utils 82"},{"timestamp":1703510908.904,"category":"console","level":"log","message":"2023-12-25T13:28:28.904Z [Modules] Streaming discord_game_utils@1 to /home/spale/.config/discord/0.0.39/modules/pending/discord_game_utils-1.zip: 83%"},{"timestamp":1703510908.904,"category":"console","level":"log","message":"legacyModuleUpdater: downloading-module-progress discord_game_utils 83"},{"timestamp":1703510908.91,"category":"console","level":"log","message":"2023-12-25T13:28:28.910Z [Modules] Streaming discord_game_utils@1 to /home/spale/.config/discord/0.0.39/modules/pending/discord_game_utils-1.zip: 87%"},{"timestamp":1703510908.91,"category":"console","level":"log","message":"legacyModuleUpdater: downloading-module-progress discord_game_utils 87"},{"timestamp":1703510908.912,"category":"console","level":"log","message":"2023-12-25T13:28:28.911Z [Modules] Streaming discord_game_utils@1 to /home/spale/.config/discord/0.0.39/modules/pending/discord_game_utils-1.zip: 92%"},{"timestamp":1703510908.912,"category":"console","level":"log","message":"legacyModuleUpdater: downloading-module-progress discord_game_utils 92"},{"timestamp":1703510908.914,"category":"console","level":"log","message":"2023-12-25T13:28:28.914Z [Modules] Streaming discord_game_utils@1 to /home/spale/.config/discord/0.0.39/modules/pending/discord_game_utils-1.zip: 100%"},{"timestamp":1703510908.914,"category":"console","level":"log","message":"legacyModuleUpdater: downloading-module-progress discord_game_utils 100"},{"timestamp":1703510908.919,"category":"console","level":"log","message":"2023-12-25T13:28:28.919Z [Modules] Fetching discord_rpc@1 from https://discord.com/api/modules/stable/discord_rpc/1"},{"timestamp":1703510908.919,"category":"console","level":"log","message":"2023-12-25T13:28:28.919Z [Modules] Streaming discord_rpc@1 to /home/spale/.config/discord/0.0.39/modules/pending/discord_rpc-1.zip"},{"timestamp":1703510909.257,"type":"http","category":"electron.net","data":{"url":"https://discord.com/api/modules/stable/discord_rpc/1?host_version=0.0.39&platform=linux","method":"GET","status_code":200}},{"timestamp":1703510909.279,"category":"console","level":"log","message":"2023-12-25T13:28:29.279Z [Modules] Streaming discord_rpc@1 to /home/spale/.config/discord/0.0.39/modules/pending/discord_rpc-1.zip: 38%"},{"timestamp":1703510909.28,"category":"console","level":"log","message":"legacyModuleUpdater: downloading-module-progress discord_rpc 38"},{"timestamp":1703510909.3,"category":"console","level":"log","message":"2023-12-25T13:28:29.300Z [Modules] Streaming discord_rpc@1 to /home/spale/.config/discord/0.0.39/modules/pending/discord_rpc-1.zip: 75%"},{"timestamp":1703510909.3,"category":"console","level":"log","message":"legacyModuleUpdater: downloading-module-progress discord_rpc 75"},{"timestamp":1703510909.303,"category":"console","level":"log","message":"2023-12-25T13:28:29.303Z [Modules] Streaming discord_rpc@1 to /home/spale/.config/discord/0.0.39/modules/pending/discord_rpc-1.zip: 100%"},{"timestamp":1703510909.303,"category":"console","level":"log","message":"legacyModuleUpdater: downloading-module-progress discord_rpc 100"},{"timestamp":1703510909.313,"category":"console","level":"log","message":"2023-12-25T13:28:29.313Z [Modules] Finished module downloads. [success: 3] [failure: 0]"},{"timestamp":1703510909.314,"category":"console","level":"log","message":"legacyModuleUpdater: downloading-modules-finished 3 0"},{"timestamp":1703510909.345,"category":"console","level":"log","message":"legacyModuleUpdater: installed-module discord_krisp 1 3 true"},{"timestamp":1703510909.346,"category":"console","level":"log","message":"2023-12-25T13:28:29.346Z [Modules] Installing discord_game_utils@1 from /home/spale/.config/discord/0.0.39/modules/pending/discord_game_utils-1.zip"},{"timestamp":1703510909.349,"category":"console","level":"log","message":"mainScreen.UpdaterEvents: UPDATER_HISTORY_QUERY_AND_TRUNCATE"},{"timestamp":1703510909.372,"category":"console","data":{"arguments":["Initializing krisp module"],"logger":"console"},"level":"info","message":"Initializing krisp module"},{"timestamp":1703510909.608,"category":"console","level":"log","message":"legacyModuleUpdater: installed-module discord_game_utils 2 3 true"},{"timestamp":1703510909.608,"category":"console","level":"log","message":"2023-12-25T13:28:29.608Z [Modules] Installing discord_rpc@1 from /home/spale/.config/discord/0.0.39/modules/pending/discord_rpc-1.zip"},{"timestamp":1703510909.72,"category":"console","level":"log","message":"2023-12-25T13:28:29.720Z [Modules] Finished module installations. [success: 3] [failure: 0]"},{"timestamp":1703510909.72,"category":"console","level":"log","message":"legacyModuleUpdater: installed-module discord_rpc 3 3 true"},{"timestamp":1703510911.578,"category":"ui.click","message":"div.activity_a8c37a.subtext__623a0 > div.activityText__84949 > strong"},{"timestamp":1703510911.612,"category":"ui.input","message":"div.markup_a7e664.editor__66464.slateTextArea__0661c.fontSize16Padding__48818[aria-label=\"Message @Hatake Kakash!\"]"},{"timestamp":1703510912.326,"category":"console","level":"log","message":"mainScreen.UpdaterEvents: UPDATER_HISTORY_QUERY_AND_TRUNCATE"},{"timestamp":1703510912.335,"category":"console","level":"log","message":"mainScreen.UpdaterEvents: UPDATER_HISTORY_QUERY_AND_TRUNCATE"},{"timestamp":1703510913.887,"category":"console","level":"log","message":"legacyModuleUpdater: installed-module discord_spellcheck 1 1 true"},{"timestamp":1703510913.889,"category":"console","level":"log","message":"mainScreen.UpdaterEvents: UPDATER_HISTORY_QUERY_AND_TRUNCATE"},{"timestamp":1703510917.733,"category":"electron","message":"window.blur","type":"ui","data":{"id":2,"url":"https://discord.com/channels/@me/914591524703051776"}},{"timestamp":1703510917.733,"category":"electron","message":"app.browser-window-blur","type":"ui"},{"timestamp":1703511146.897,"category":"electron","message":"window.focus","type":"ui","data":{"id":2,"url":"https://discord.com/channels/@me/914591524703051776"}},{"timestamp":1703511146.898,"category":"electron","message":"app.browser-window-focus","type":"ui"},{"timestamp":1703511147.565,"category":"electron","message":"window.blur","type":"ui","data":{"id":2,"url":"https://discord.com/channels/@me/914591524703051776"}},{"timestamp":1703511147.565,"category":"electron","message":"app.browser-window-blur","type":"ui"},{"timestamp":1703511148.207,"category":"electron","message":"window.focus","type":"ui","data":{"id":2,"url":"https://discord.com/channels/@me/914591524703051776"}},{"timestamp":1703511148.207,"category":"electron","message":"app.browser-window-focus","type":"ui"},{"timestamp":1703511164.948,"category":"electron","message":"window.blur","type":"ui","data":{"id":2,"url":"https://discord.com/channels/@me/914591524703051776"}},{"timestamp":1703511164.948,"category":"electron","message":"app.browser-window-blur","type":"ui"},{"timestamp":1703511193.072,"category":"electron","message":"window.focus","type":"ui","data":{"id":2,"url":"https://discord.com/channels/@me/914591524703051776"}},{"timestamp":1703511193.073,"category":"electron","message":"app.browser-window-focus","type":"ui"},{"timestamp":1703511194.005,"category":"electron","message":"window.blur","type":"ui","data":{"id":2,"url":"https://discord.com/channels/@me/914591524703051776"}},{"timestamp":1703511194.006,"category":"electron","message":"app.browser-window-blur","type":"ui"},{"timestamp":1703511195.723,"category":"electron","message":"window.focus","type":"ui","data":{"id":2,"url":"https://discord.com/channels/@me/914591524703051776"}},{"timestamp":1703511195.724,"category":"electron","message":"app.browser-window-focus","type":"ui"},{"timestamp":1703511196.471,"category":"electron","message":"window.blur","type":"ui","data":{"id":2,"url":"https://discord.com/channels/@me/914591524703051776"}},{"timestamp":1703511196.471,"category":"electron","message":"app.browser-window-blur","type":"ui"},{"timestamp":1703512424.564,"category":"console","level":"log","message":"Discord 0.0.39"},{"timestamp":1703512424.826,"category":"electron","message":"app.will-finish-launching","type":"ui"},{"timestamp":1703512424.852,"category":"electron","message":"app.ready","type":"ui"},{"timestamp":1703512424.869,"category":"electron","message":"app.session-created","type":"ui"},{"timestamp":1703512424.871,"category":"console","level":"log","message":"Starting app."},{"timestamp":1703512424.881,"category":"console","level":"log","message":"Starting updater."},{"timestamp":1703512424.885,"category":"console","level":"log","message":"2023-12-25T13:53:44.885Z [Modules] Modules initializing"},{"timestamp":1703512424.886,"category":"console","level":"log","message":"2023-12-25T13:53:44.886Z [Modules] Distribution: remote"},{"timestamp":1703512424.887,"category":"console","level":"log","message":"2023-12-25T13:53:44.887Z [Modules] Host updates: enabled"},{"timestamp":1703512424.887,"category":"console","level":"log","message":"2023-12-25T13:53:44.887Z [Modules] Module updates: enabled"},{"timestamp":1703512424.888,"category":"console","level":"log","message":"2023-12-25T13:53:44.888Z [Modules] Module install path: /home/spale/.config/discord/0.0.39/modules"},{"timestamp":1703512424.889,"category":"console","level":"log","message":"2023-12-25T13:53:44.889Z [Modules] Module installed file path: /home/spale/.config/discord/0.0.39/modules/installed.json"},{"timestamp":1703512424.89,"category":"console","level":"log","message":"2023-12-25T13:53:44.890Z [Modules] Module download path: /home/spale/.config/discord/0.0.39/modules/pending"},{"timestamp":1703512424.93,"category":"console","level":"log","message":"splashScreen.initSplash(false)"},{"timestamp":1703512424.954,"category":"electron","message":"app.web-contents-created","type":"ui"},{"timestamp":1703512424.962,"category":"electron","message":"app.browser-window-created","type":"ui"},{"timestamp":1703512424.978,"category":"electron","message":"renderer.load-url","type":"ui","data":{}},{"timestamp":1703512424.986,"category":"console","level":"log","message":"blackbox: 2023-12-25T13:53:44.986Z 0 \n\n----------------------------------------------"},{"timestamp":1703512425.018,"category":"console","level":"log","message":"blackbox: 2023-12-25T13:53:45.018Z 1 Discord starting: {\"releaseChannel\":\"stable\",\"version\":\"0.0.39\"}, modulepath: /home/spale/.config/discord/0.0.39/modules"},{"timestamp":1703512424.564,"category":"console","level":"log","message":"Discord 0.0.39"},{"timestamp":1703512424.826,"category":"electron","message":"app.will-finish-launching","type":"ui"},{"timestamp":1703512424.852,"category":"electron","message":"app.ready","type":"ui"},{"timestamp":1703512424.869,"category":"electron","message":"app.session-created","type":"ui"},{"timestamp":1703512424.871,"category":"console","level":"log","message":"Starting app."},{"timestamp":1703512424.881,"category":"console","level":"log","message":"Starting updater."},{"timestamp":1703512424.885,"category":"console","level":"log","message":"2023-12-25T13:53:44.885Z [Modules] Modules initializing"},{"timestamp":1703512424.886,"category":"console","level":"log","message":"2023-12-25T13:53:44.886Z [Modules] Distribution: remote"},{"timestamp":1703512424.887,"category":"console","level":"log","message":"2023-12-25T13:53:44.887Z [Modules] Host updates: enabled"},{"timestamp":1703512424.887,"category":"console","level":"log","message":"2023-12-25T13:53:44.887Z [Modules] Module updates: enabled"},{"timestamp":1703512424.888,"category":"console","level":"log","message":"2023-12-25T13:53:44.888Z [Modules] Module install path: /home/spale/.config/discord/0.0.39/modules"},{"timestamp":1703512424.889,"category":"console","level":"log","message":"2023-12-25T13:53:44.889Z [Modules] Module installed file path: /home/spale/.config/discord/0.0.39/modules/installed.json"},{"timestamp":1703512424.89,"category":"console","level":"log","message":"2023-12-25T13:53:44.890Z [Modules] Module download path: /home/spale/.config/discord/0.0.39/modules/pending"},{"timestamp":1703512424.93,"category":"console","level":"log","message":"splashScreen.initSplash(false)"},{"timestamp":1703512424.954,"category":"electron","message":"app.web-contents-created","type":"ui"},{"timestamp":1703512424.962,"category":"electron","message":"app.browser-window-created","type":"ui"},{"timestamp":1703512424.978,"category":"electron","message":"renderer.load-url","type":"ui","data":{}},{"timestamp":1703512424.986,"category":"console","level":"log","message":"blackbox: 2023-12-25T13:53:44.986Z 0 \n\n----------------------------------------------"},{"timestamp":1703512425.018,"category":"console","level":"log","message":"blackbox: 2023-12-25T13:53:45.018Z 1 Discord starting: {\"releaseChannel\":\"stable\",\"version\":\"0.0.39\"}, modulepath: /home/spale/.config/discord/0.0.39/modules"},{"timestamp":1703512425.064,"category":"console","level":"log","message":"blackbox: 2023-12-25T13:53:45.064Z 2 ✅ webContents.created web1 \"\""}],"modules":{"mkdirp":"0.5.5","rimraf":"2.7.1","glob":"7.1.7","fs.realpath":"1.0.0","minimatch":"3.1.2","brace-expansion":"1.1.11","concat-map":"0.0.1","balanced-match":"1.0.2","inherits":"2.0.4","path-is-absolute":"1.0.1","inflight":"1.0.6","wrappy":"1.0.2","once":"1.4.0","yauzl":"2.10.0","fd-slicer":"1.1.0","pend":"1.2.0","buffer-crc32":"0.2.13","request":"2.88.0","extend":"3.0.2","tough-cookie":"2.4.3","psl":"1.8.0","json-stringify-safe":"5.0.1","safe-buffer":"5.2.1","aws-sign2":"0.7.0","aws4":"1.11.0","http-signature":"1.2.0","assert-plus":"1.0.0","sshpk":"1.16.1","safer-buffer":"2.1.2","asn1":"0.2.4","ecc-jsbn":"0.1.2","jsbn":"0.1.1","tweetnacl":"0.14.5","jsprim":"1.4.1","extsprintf":"1.3.0","verror":"1.10.0","core-util-is":"1.0.2","json-schema":"0.2.3","mime-types":"2.1.32","mime-db":"1.49.0","caseless":"0.12.0","forever-agent":"0.6.1","form-data":"2.3.3","combined-stream":"1.0.8","delayed-stream":"1.0.0","asynckit":"0.4.0","isstream":"0.1.2","is-typedarray":"1.0.0","qs":"6.5.3","har-validator":"5.1.5","ajv":"6.12.6","uri-js":"4.4.1","fast-deep-equal":"3.1.3","json-schema-traverse":"0.4.1","fast-json-stable-stringify":"2.1.0","har-schema":"2.0.0","uuid":"3.4.0","oauth-sign":"0.9.0","tunnel-agent":"0.6.0","performance-now":"2.1.0","arch":"2.2.0","https-proxy-agent":"5.0.1","ms":"2.1.2","agent-base":"6.0.2","lru_map":"0.3.3","cookie":"0.5.0","deepmerge":"4.3.0"},"event_id":"6a4bcb5f0dfc4829b597bbcdfc419b73","timestamp":1703512425.074,"extra":{"release_channel":"stable","sentry":{"environment":"stable","release":"0.0.39"},"wm":"i3,i3","distro":"Debian GNU/Linux 12 (bookworm)"}}
splashScreen: SPLASH_SCREEN_READY
splashScreen.webContentsSend: SPLASH_SCREEN_QUOTE SPLASH_SCREEN_QUOTE [ 'Hold Tight — Loading Discord' ]
2023-12-25T13:53:46.187Z [Modules] No updates to install
splashScreen: no-pending-updates
2023-12-25T13:53:46.189Z [Modules] Checking for host updates.
splashScreen: checking-for-updates
splashScreen.updateSplashState checking-for-updates checking-for-updates {}
splashScreen.webContentsSend: SPLASH_UPDATE_STATE SPLASH_UPDATE_STATE [ { status: 'checking-for-updates' } ]
[6850:1225/135346.340389:ERROR:shared_image_factory.cc(575)] Could not find SharedImageBackingFactory with params: usage: Gles2|Raster|DisplayRead|Scanout, format: BGRA_8888, share_between_threads: 0, gmb_type: shared_memory
[6850:1225/135346.345533:ERROR:shared_image_factory.cc(575)] Could not find SharedImageBackingFactory with params: usage: Gles2|Raster|DisplayRead|Scanout, format: BGRA_8888, share_between_threads: 0, gmb_type: shared_memory
[6850:1225/135346.351646:ERROR:shared_image_factory.cc(575)] Could not find SharedImageBackingFactory with params: usage: Gles2|Raster|DisplayRead|Scanout, format: BGRA_8888, share_between_threads: 0, gmb_type: shared_memory
[6850:1225/135346.356164:ERROR:shared_image_factory.cc(575)] Could not find SharedImageBackingFactory with params: usage: Gles2|Raster|DisplayRead|Scanout, format: BGRA_8888, share_between_threads: 0, gmb_type: shared_memory
[6850:1225/135346.361452:ERROR:shared_image_factory.cc(575)] Could not find SharedImageBackingFactory with params: usage: Gles2|Raster|DisplayRead|Scanout, format: BGRA_8888, share_between_threads: 0, gmb_type: shared_memory
blackbox: 2023-12-25T13:53:46.361Z 6 ✅ webContents.did-finish-load web1
[6850:1225/135346.389797:ERROR:shared_image_factory.cc(575)] Could not find SharedImageBackingFactory with params: usage: Gles2|Raster|DisplayRead|Scanout, format: BGRA_8888, share_between_threads: 0, gmb_type: shared_memory
[6850:1225/135346.394647:ERROR:shared_image_factory.cc(575)] Could not find SharedImageBackingFactory with params: usage: Gles2|Raster|DisplayRead|Scanout, format: BGRA_8888, share_between_threads: 0, gmb_type: shared_memory
[6796:1225/135346.411762:ERROR:nss_util.cc(349)] After loading Root Certs, loaded==false: NSS error code: -8018
2023-12-25T13:53:46.705Z [Modules] Host is up to date.
2023-12-25T13:53:46.706Z [Modules] Checking for module updates at https://discord.com/api/modules/stable/versions.json
2023-12-25T13:53:46.810Z [Modules] No module updates available.
splashScreen: update-check-finished true 0 false
splashScreen.launchMainWindow: false
Optional module ./ElectronTestRpc was not included.
splashScreen.updateSplashState launching launching {}
splashScreen.webContentsSend: SPLASH_UPDATE_STATE SPLASH_UPDATE_STATE [ { status: 'launching' } ]
blackbox: 2023-12-25T13:53:47.105Z 7 ✅ webContents.created web2 ""
blackbox: 2023-12-25T13:53:47.143Z 8 ✅ window.created win2 "Discord"
[6850:1225/135347.424236:ERROR:shared_image_factory.cc(575)] Could not find SharedImageBackingFactory with params: usage: Gles2|Raster|DisplayRead|Scanout, format: BGRA_8888, share_between_threads: 0, gmb_type: shared_memory
legacyModuleUpdater: installed-module discord_krisp 1 1 true
legacyModuleUpdater: installed-module discord_game_utils 1 1 true
mainScreen.UpdaterEvents: UPDATER_HISTORY_QUERY_AND_TRUNCATE
WEIGHT /home/spale/.config/discord/0.0.39/modules/discord_krisp/NC_small_8k.thw
WEIGHT /home/spale/.config/discord/0.0.39/modules/discord_krisp/NC_small_16k.thw
WEIGHT /home/spale/.config/discord/0.0.39/modules/discord_krisp/c6.f.s.ced125.thw
WEIGHT /home/spale/.config/discord/0.0.39/modules/discord_krisp/VAD_weight.thw
mainScreen.UpdaterEvents: UPDATER_HISTORY_QUERY_AND_TRUNCATE
mainScreen.UpdaterEvents: UPDATER_HISTORY_QUERY_AND_TRUNCATE
mainScreen.UpdaterEvents: CHECK_FOR_UPDATES UPDATE_NOT_AVAILABLE
2023-12-25T13:53:55.671Z [Modules] Checking for host updates.
legacyModuleUpdater: installed-module discord_rpc 1 1 true
2023-12-25T13:53:56.026Z [Modules] Host is up to date.
2023-12-25T13:53:56.026Z [Modules] Checking for module updates at https://discord.com/api/modules/stable/versions.json
mainScreen.on(did-finish-load) false false
splashScreen.pageReady
blackbox: 2023-12-25T13:53:56.038Z 9 ✅ webContents.did-finish-load web2
2023-12-25T13:53:56.086Z [Modules] No module updates available.
legacyModuleUpdater: update-check-finished
blackbox: 2023-12-25T13:53:56.133Z 10 window.close win1
blackbox: 2023-12-25T13:53:56.151Z 11 webContents.destroyed web1
blackbox: 2023-12-25T13:53:56.159Z 12 window.closed win1
mainScreen.UpdaterEvents: UPDATER_HISTORY_QUERY_AND_TRUNCATE
[6850:1225/135356.533515:ERROR:shared_image_factory.cc(575)] Could not find SharedImageBackingFactory with params: usage: Gles2|Raster|DisplayRead|Scanout, format: BGRA_8888, share_between_threads: 0, gmb_type: shared_memory
[6850:1225/135356.538398:ERROR:shared_image_factory.cc(575)] Could not find SharedImageBackingFactory with params: usage: Gles2|Raster|DisplayRead|Scanout, format: BGRA_8888, share_between_threads: 0, gmb_type: shared_memory
[6850:1225/135356.544770:ERROR:shared_image_factory.cc(575)] Could not find SharedImageBackingFactory with params: usage: Gles2|Raster|DisplayRead|Scanout, format: BGRA_8888, share_between_threads: 0, gmb_type: shared_memory
[6850:1225/135356.549161:ERROR:shared_image_factory.cc(575)] Could not find SharedImageBackingFactory with params: usage: Gles2|Raster|DisplayRead|Scanout, format: BGRA_8888, share_between_threads: 0, gmb_type: shared_memory
[6850:1225/135356.554201:ERROR:shared_image_factory.cc(575)] Could not find SharedImageBackingFactory with params: usage: Gles2|Raster|DisplayRead|Scanout, format: BGRA_8888, share_between_threads: 0, gmb_type: shared_memory
[6850:1225/135356.594212:ERROR:shared_image_factory.cc(575)] Could not find SharedImageBackingFactory with params: usage: Gles2|Raster|DisplayRead|Scanout, format: BGRA_8888, share_between_threads: 0, gmb_type: shared_memory
[6850:1225/135356.758873:ERROR:shared_image_factory.cc(575)] Could not find SharedImageBackingFactory with params: usage: Gles2|Raster|DisplayRead|Scanout, format: BGRA_8888, share_between_threads: 0, gmb_type: shared_memory
[6850:1225/135402.257772:ERROR:shared_image_factory.cc(575)] Could not find SharedImageBackingFactory with params: usage: Gles2|Raster|DisplayRead|Scanout, format: BGRA_8888, share_between_threads: 0, gmb_type: shared_memory
legacyModuleUpdater: installed-module discord_spellcheck 1 1 true
mainScreen.UpdaterEvents: UPDATER_HISTORY_QUERY_AND_TRUNCATE
mainScreen.UpdaterEvents: CHECK_FOR_UPDATES UPDATE_NOT_AVAILABLE
2023-12-25T15:26:44.060Z [Modules] Checking for host updates.
2023-12-25T15:26:44.335Z [Modules] Host is up to date.
2023-12-25T15:26:44.335Z [Modules] Checking for module updates at https://discord.com/api/modules/stable/versions.json
2023-12-25T15:26:44.445Z [Modules] No module updates available.
legacyModuleUpdater: update-check-finished
[6850:1225/152812.644600:ERROR:shared_image_factory.cc(575)] Could not find SharedImageBackingFactory with params: usage: Gles2|Raster|DisplayRead|Scanout, format: BGRA_8888, share_between_threads: 0, gmb_type: shared_memory
[6850:1225/152812.650981:ERROR:shared_image_factory.cc(575)] Could not find SharedImageBackingFactory with params: usage: Gles2|Raster|DisplayRead|Scanout, format: BGRA_8888, share_between_threads: 0, gmb_type: shared_memory
[6850:1225/152812.651506:ERROR:shared_image_factory.cc(575)] Could not find SharedImageBackingFactory with params: usage: Gles2|Raster|DisplayRead|Scanout, format: BGRA_8888, share_between_threads: 0, gmb_type: shared_memory
[6850:1225/152812.651864:ERROR:shared_image_factory.cc(575)] Could not find SharedImageBackingFactory with params: usage: Gles2|Raster|DisplayRead|Scanout, format: BGRA_8888, share_between_threads: 0, gmb_type: shared_memory
[6850:1225/152812.652853:ERROR:shared_image_factory.cc(575)] Could not find SharedImageBackingFactory with params: usage: Gles2|Raster|DisplayRead|Scanout, format: BGRA_8888, share_between_threads: 0, gmb_type: shared_memory
[6850:1225/152812.717497:ERROR:shared_image_factory.cc(575)] Could not find SharedImageBackingFactory with params: usage: Gles2|Raster|DisplayRead|Scanout, format: BGRA_8888, share_between_threads: 0, gmb_type: shared_memory
[6850:1225/152812.735380:ERROR:shared_image_factory.cc(575)] Could not find SharedImageBackingFactory with params: usage: Gles2|Raster|DisplayRead|Scanout, format: BGRA_8888, share_between_threads: 0, gmb_type: shared_memory
[6850:1225/152814.550078:ERROR:shared_image_factory.cc(575)] Could not find SharedImageBackingFactory with params: usage: Gles2|Raster|DisplayRead|Scanout, format: BGRA_8888, share_between_threads: 0, gmb_type: shared_memory
[6850:1225/152820.050096:ERROR:shared_image_factory.cc(575)] Could not find SharedImageBackingFactory with params: usage: Gles2|Raster|DisplayRead|Scanout, format: BGRA_8888, share_between_threads: 0, gmb_type: shared_memory
[6850:1225/152900.384503:ERROR:shared_image_factory.cc(575)] Could not find SharedImageBackingFactory with params: usage: Gles2|Raster|DisplayRead|Scanout, format: BGRA_8888, share_between_threads: 0, gmb_type: shared_memory
[6850:1225/152957.220597:ERROR:shared_image_factory.cc(575)] Could not find SharedImageBackingFactory with params: usage: Gles2|Raster|DisplayRead|Scanout, format: BGRA_8888, share_between_threads: 0, gmb_type: shared_memory
[6850:1225/153011.886727:ERROR:shared_image_factory.cc(575)] Could not find SharedImageBackingFactory with params: usage: Gles2|Raster|DisplayRead|Scanout, format: BGRA_8888, share_between_threads: 0, gmb_type: shared_memory
[6850:1225/153026.554944:ERROR:shared_image_factory.cc(575)] Could not find SharedImageBackingFactory with params: usage: Gles2|Raster|DisplayRead|Scanout, format: BGRA_8888, share_between_threads: 0, gmb_type: shared_memory
[6850:1225/153055.890122:ERROR:shared_image_factory.cc(575)] Could not find SharedImageBackingFactory with params: usage: Gles2|Raster|DisplayRead|Scanout, format: BGRA_8888, share_between_threads: 0, gmb_type: shared_memory
[6850:1225/153143.556714:ERROR:shared_image_factory.cc(575)] Could not find SharedImageBackingFactory with params: usage: Gles2|Raster|DisplayRead|Scanout, format: BGRA_8888, share_between_threads: 0, gmb_type: shared_memory
[6850:1225/153207.390577:ERROR:shared_image_factory.cc(575)] Could not find SharedImageBackingFactory with params: usage: Gles2|Raster|DisplayRead|Scanout, format: BGRA_8888, share_between_threads: 0, gmb_type: shared_memory
[6850:1225/153229.391381:ERROR:shared_image_factory.cc(575)] Could not find SharedImageBackingFactory with params: usage: Gles2|Raster|DisplayRead|Scanout, format: BGRA_8888, share_between_threads: 0, gmb_type: shared_memory
[6850:1225/153245.893101:ERROR:shared_image_factory.cc(575)] Could not find SharedImageBackingFactory with params: usage: Gles2|Raster|DisplayRead|Scanout, format: BGRA_8888, share_between_threads: 0, gmb_type: shared_memory
[6850:1225/153307.893682:ERROR:shared_image_factory.cc(575)] Could not find SharedImageBackingFactory with params: usage: Gles2|Raster|DisplayRead|Scanout, format: BGRA_8888, share_between_threads: 0, gmb_type: shared_memory
[6850:1225/153322.560515:ERROR:shared_image_factory.cc(575)] Could not find SharedImageBackingFactory with params: usage: Gles2|Raster|DisplayRead|Scanout, format: BGRA_8888, share_between_threads: 0, gmb_type: shared_memory
ATTENTION: default value of option mesa_glthread overridden by environment.
ATTENTION: default value of option mesa_glthread overridden by environment.
ATTENTION: default value of option mesa_glthread overridden by environment.
[6850:1226/131004.747232:ERROR:shared_image_factory.cc(575)] Could not find SharedImageBackingFactory with params: usage: DisplayRead|Scanout, format: YUV_420_BIPLANAR, share_between_threads: 0, gmb_type: platform
[6850:1226/131004.747698:ERROR:shared_image_stub.cc(147)] SharedImageStub: Unable to create shared image
ATTENTION: default value of option mesa_glthread overridden by environment.
ATTENTION: default value of option mesa_glthread overridden by environment.
ATTENTION: default value of option mesa_glthread overridden by environment.
ATTENTION: default value of option mesa_glthread overridden by environment.
ATTENTION: default value of option mesa_glthread overridden by environment.
ATTENTION: default value of option mesa_glthread overridden by environment.
ATTENTION: default value of option mesa_glthread overridden by environment.
ATTENTION: default value of option mesa_glthread overridden by environment.
ATTENTION: default value of option mesa_glthread overridden by environment.
Sandbox: attempt to open unexpected file /sys/devices/system/cpu/cpu0/cache/index2/size
Sandbox: attempt to open unexpected file /sys/devices/system/cpu/cpu0/cache/index3/size
Sandbox: attempt to open unexpected file /sys/devices/system/cpu/present
Sandbox: attempt to open unexpected file /sys/devices/system/cpu/possible
[Parent 15303, Main Thread] WARNING: gtk_widget_get_clipboard: assertion 'gtk_widget_has_screen (widget)' failed: 'glib warning', file ./toolkit/xre/nsSigHandlers.cpp:167

(Firefox-esr:15303): Gtk-CRITICAL **: 17:01:12.925: gtk_widget_get_clipboard: assertion 'gtk_widget_has_screen (widget)' failed
[Parent 15303, Main Thread] WARNING: gtk_clipboard_request_contents: assertion 'clipboard != NULL' failed: 'glib warning', file ./toolkit/xre/nsSigHandlers.cpp:167

(Firefox-esr:15303): Gtk-CRITICAL **: 17:01:12.925: gtk_clipboard_request_contents: assertion 'clipboard != NULL' failed
[Parent 15303, Main Thread] WARNING: gtk_widget_get_clipboard: assertion 'gtk_widget_has_screen (widget)' failed: 'glib warning', file ./toolkit/xre/nsSigHandlers.cpp:167

(Firefox-esr:15303): Gtk-CRITICAL **: 17:01:12.925: gtk_widget_get_clipboard: assertion 'gtk_widget_has_screen (widget)' failed
[Parent 15303, Main Thread] WARNING: gtk_clipboard_request_contents: assertion 'clipboard != NULL' failed: 'glib warning', file ./toolkit/xre/nsSigHandlers.cpp:167

(Firefox-esr:15303): Gtk-CRITICAL **: 17:01:12.925: gtk_clipboard_request_contents: assertion 'clipboard != NULL' failed
[Parent 15303, Main Thread] WARNING: gtk_widget_get_clipboard: assertion 'gtk_widget_has_screen (widget)' failed: 'glib warning', file ./toolkit/xre/nsSigHandlers.cpp:167

(Firefox-esr:15303): Gtk-CRITICAL **: 17:01:12.925: gtk_widget_get_clipboard: assertion 'gtk_widget_has_screen (widget)' failed
[Parent 15303, Main Thread] WARNING: gtk_clipboard_request_contents: assertion 'clipboard != NULL' failed: 'glib warning', file ./toolkit/xre/nsSigHandlers.cpp:167

(Firefox-esr:15303): Gtk-CRITICAL **: 17:01:12.925: gtk_clipboard_request_contents: assertion 'clipboard != NULL' failed
[Parent 15303, Main Thread] WARNING: gtk_widget_get_clipboard: assertion 'gtk_widget_has_screen (widget)' failed: 'glib warning', file ./toolkit/xre/nsSigHandlers.cpp:167

(Firefox-esr:15303): Gtk-CRITICAL **: 17:01:12.925: gtk_widget_get_clipboard: assertion 'gtk_widget_has_screen (widget)' failed
[Parent 15303, Main Thread] WARNING: gtk_clipboard_request_contents: assertion 'clipboard != NULL' failed: 'glib warning', file ./toolkit/xre/nsSigHandlers.cpp:167

(Firefox-esr:15303): Gtk-CRITICAL **: 17:01:12.925: gtk_clipboard_request_contents: assertion 'clipboard != NULL' failed
[Parent 15303, Main Thread] WARNING: g_type_add_interface_static: assertion 'g_type_parent (interface_type) == G_TYPE_INTERFACE' failed: 'glib warning', file ./toolkit/xre/nsSigHandlers.cpp:167

(Firefox-esr:15303): GLib-GObject-CRITICAL **: 20:43:11.630: g_type_add_interface_static: assertion 'g_type_parent (interface_type) == G_TYPE_INTERFACE' failed
[Parent 15303, Main Thread] WARNING: g_type_add_interface_static: assertion 'g_type_parent (interface_type) == G_TYPE_INTERFACE' failed: 'glib warning', file ./toolkit/xre/nsSigHandlers.cpp:167

(Firefox-esr:15303): GLib-GObject-CRITICAL **: 20:43:11.630: g_type_add_interface_static: assertion 'g_type_parent (interface_type) == G_TYPE_INTERFACE' failed
[Parent 15303, Main Thread] WARNING: g_type_add_interface_static: assertion 'g_type_parent (interface_type) == G_TYPE_INTERFACE' failed: 'glib warning', file ./toolkit/xre/nsSigHandlers.cpp:167

(Firefox-esr:15303): GLib-GObject-CRITICAL **: 20:43:11.633: g_type_add_interface_static: assertion 'g_type_parent (interface_type) == G_TYPE_INTERFACE' failed
[Parent 15303, Main Thread] WARNING: g_type_add_interface_static: assertion 'g_type_parent (interface_type) == G_TYPE_INTERFACE' failed: 'glib warning', file ./toolkit/xre/nsSigHandlers.cpp:167

(Firefox-esr:15303): GLib-GObject-CRITICAL **: 20:43:11.667: g_type_add_interface_static: assertion 'g_type_parent (interface_type) == G_TYPE_INTERFACE' failed
[Parent 15303, Main Thread] WARNING: g_type_add_interface_static: assertion 'g_type_parent (interface_type) == G_TYPE_INTERFACE' failed: 'glib warning', file ./toolkit/xre/nsSigHandlers.cpp:167

(Firefox-esr:15303): GLib-GObject-CRITICAL **: 20:43:11.667: g_type_add_interface_static: assertion 'g_type_parent (interface_type) == G_TYPE_INTERFACE' failed
[Parent 15303, Main Thread] WARNING: g_type_add_interface_static: assertion 'g_type_parent (interface_type) == G_TYPE_INTERFACE' failed: 'glib warning', file ./toolkit/xre/nsSigHandlers.cpp:167

(Firefox-esr:15303): GLib-GObject-CRITICAL **: 20:43:11.671: g_type_add_interface_static: assertion 'g_type_parent (interface_type) == G_TYPE_INTERFACE' failed
[Parent 15303, Main Thread] WARNING: g_type_add_interface_static: assertion 'g_type_parent (interface_type) == G_TYPE_INTERFACE' failed: 'glib warning', file ./toolkit/xre/nsSigHandlers.cpp:167

(Firefox-esr:15303): GLib-GObject-CRITICAL **: 20:43:11.678: g_type_add_interface_static: assertion 'g_type_parent (interface_type) == G_TYPE_INTERFACE' failed
[Parent 15303, Main Thread] WARNING: g_type_add_interface_static: assertion 'g_type_parent (interface_type) == G_TYPE_INTERFACE' failed: 'glib warning', file ./toolkit/xre/nsSigHandlers.cpp:167

(Firefox-esr:15303): GLib-GObject-CRITICAL **: 20:43:11.678: g_type_add_interface_static: assertion 'g_type_parent (interface_type) == G_TYPE_INTERFACE' failed
[Parent 15303, Main Thread] WARNING: g_type_add_interface_static: assertion 'g_type_parent (interface_type) == G_TYPE_INTERFACE' failed: 'glib warning', file ./toolkit/xre/nsSigHandlers.cpp:167

(Firefox-esr:15303): GLib-GObject-CRITICAL **: 20:43:11.699: g_type_add_interface_static: assertion 'g_type_parent (interface_type) == G_TYPE_INTERFACE' failed
[Parent 15303, Main Thread] WARNING: g_type_add_interface_static: assertion 'g_type_parent (interface_type) == G_TYPE_INTERFACE' failed: 'glib warning', file ./toolkit/xre/nsSigHandlers.cpp:167

(Firefox-esr:15303): GLib-GObject-CRITICAL **: 20:43:11.766: g_type_add_interface_static: assertion 'g_type_parent (interface_type) == G_TYPE_INTERFACE' failed
[Parent 15303, Main Thread] WARNING: g_type_add_interface_static: assertion 'g_type_parent (interface_type) == G_TYPE_INTERFACE' failed: 'glib warning', file ./toolkit/xre/nsSigHandlers.cpp:167

(Firefox-esr:15303): GLib-GObject-CRITICAL **: 20:43:13.160: g_type_add_interface_static: assertion 'g_type_parent (interface_type) == G_TYPE_INTERFACE' failed
[Parent 15303, Main Thread] WARNING: g_type_add_interface_static: assertion 'g_type_parent (interface_type) == G_TYPE_INTERFACE' failed: 'glib warning', file ./toolkit/xre/nsSigHandlers.cpp:167

(Firefox-esr:15303): GLib-GObject-CRITICAL **: 20:43:13.198: g_type_add_interface_static: assertion 'g_type_parent (interface_type) == G_TYPE_INTERFACE' failed
